<?xml version="1.0" encoding="UTF-8"?>
<testng-results skipped="0" failed="0" ignored="0" total="1" passed="1">
  <reporter-output>
  </reporter-output>
  <suite name="AntJenkinsTestSuite" duration-ms="29048" started-at="2020-04-16T18:00:34 CDT" finished-at="2020-04-16T18:01:03 CDT">
    <groups>
    </groups>
    <test name="MyTests" duration-ms="29048" started-at="2020-04-16T18:00:34 CDT" finished-at="2020-04-16T18:01:03 CDT">
      <class name="myPackage.SmokeTest">
        <test-method status="PASS" signature="loginTest()[pri:0, instance:myPackage.SmokeTest@5f375618]" name="loginTest" duration-ms="29005" started-at="2020-04-16T18:00:34 CDT" finished-at="2020-04-16T18:01:03 CDT">
          <reporter-output>
          </reporter-output>
        </test-method> <!-- loginTest -->
      </class> <!-- myPackage.SmokeTest -->
    </test> <!-- MyTests -->
  </suite> <!-- AntJenkinsTestSuite -->
</testng-results>
